Arguments: 
  /home/alexandreoliveira/.nvm/versions/node/v14.16.0/bin/node /usr/local/bin/yarn global bin

PATH: 
  /home/alexandreoliveira/bin:usr/local/bin:/home/alexandreoliveira/.nvm/versions/node/v14.16.0/bin:/home/alexandreoliveira/.zinit/polaris/sbin:/home/alexandreoliveira/.zinit/polaris/bin:/usr/local/sbin:/usr/local/bin:/usr/sbin:/usr/bin:/sbin:/bin:/usr/games:/usr/local/games:/snap/bin:/home/alexandreoliveira/.yarn/bin:/home/alexandreoliveira/.yarn/bin:info If you think this is a bug, please open a bug report with the information provided in "/home/alexandreoliveira/Documents/sd-010-a-project-js-unit-tests/yarn-error.log".
  info Visit https://yarnpkg.com/en/docs/cli/global for documentation about this command.

Yarn version: 
  1.22.4

Node version: 
  14.16.0

Platform: 
  linux x64

Trace: 
  SyntaxError: /home/alexandreoliveira/Documents/sd-010-a-project-js-unit-tests/package.json: Unexpected token < in JSON at position 698
      at JSON.parse (<anonymous>)
      at /usr/local/lib/node_modules/yarn/lib/cli.js:1625:59
      at Generator.next (<anonymous>)
      at step (/usr/local/lib/node_modules/yarn/lib/cli.js:310:30)
      at /usr/local/lib/node_modules/yarn/lib/cli.js:321:13

npm manifest: 
  {
    "name": "sd-010-b-project-js-unit-tests",
    "version": "1.0.0",
    "main": "index.js",
    "scripts": {
      "test": "jest",
      "lint": "eslint --no-inline-config --no-error-on-unmatched-pattern -c .eslintrc.json . --ext .js, .jsx"
    },
    "repository": {
      "type": "git",
      "url": "git+https://github.com/betrybe/ssd-0x-block8-project-js-unit-test.git"
    },
    "keywords": [
      "javascript",
      "tests",
      "assert",
      "jest"
    ],
    "author": "Jean Vasconcelos",
    "license": "ISC",
    "bugs": {
      "url": "https://github.com/betrybe/sd-0x-block8-project-js-unit-test/issues"
    },
    "homepage": "https://github.com/betrybe/sd-0x-block8-project-js-unit-test#readme",
    "devDependencies": {
  <<<<<<< HEAD
      "acorn": ">=5.7.4",
      "jest": "^24.9.0",
      "minimist": ">=1.2.2"
  =======
      "eslint": "6.8.0",
      "eslint-config-airbnb": "18.2.0",
      "eslint-plugin-editorconfig": "2.1.3",
      "eslint-plugin-import": "2.22.1",
      "eslint-plugin-sonarjs": "0.5.0",
      "jest": "26.1.0"
    },
    "dependencies": {
      "eslint-config-trybe-fundamentals": "1.1.0"
  >>>>>>> cfcec1580ad269ee5379fd7c2f0f1e75f3a7d975
    }
  }

yarn manifest: 
  No manifest

Lockfile: 
  No lockfile
